# JRE version: OpenJDK Runtime Environment (17.0.6) (build 17.0.6+0-b2043.56-10027231)
# Java VM: OpenJDK 64-Bit Server VM (17.0.6+0-b2043.56-10027231, mixed mode, tiered, compressed oops, compressed class ptrs, g1 gc, windows-amd64)
GC Precious Log:
 CPUs: 8 total, 8 available
 Memory: 16151M
 Large Page Support: Disabled
 NUMA Support: Disabled
 Compressed Oops: Enabled (32-bit)
 Heap Region Size: 1M
 Heap Min Capacity: 8M
 Heap Initial Capacity: 254M
 Heap Max Capacity: 1536M
 Pre-touch: Disabled
 Parallel Workers: 8
 Concurrent Workers: 2
 Concurrent Refinement Workers: 8
 Periodic GC: Disabled
Heap:
 garbage-first heap   total 294912K, used 240557K [0x00000000a0000000, 0x0000000100000000)
  region size 1024K, 14 young (14336K), 4 survivors (4096K)
 Metaspace       used 104754K, committed 106368K, reserved 1146880K
  class space    used 14487K, committed 15168K, reserved 1048576K
GC Heap History (20 events):
Event: 52.867 GC heap before
{Heap before GC invocations=50 (full 0):
 garbage-first heap   total 245760K, used 183441K [0x00000000a0000000, 0x0000000100000000)
  region size 1024K, 47 young (48128K), 2 survivors (2048K)
 Metaspace       used 92694K, committed 93760K, reserved 1130496K
  class space    used 12757K, committed 13184K, reserved 1048576K
}
Event: 52.880 GC heap after
{Heap after GC invocations=51 (full 0):
 garbage-first heap   total 294912K, used 145089K [0x00000000a0000000, 0x0000000100000000)
  region size 1024K, 6 young (6144K), 6 survivors (6144K)
 Metaspace       used 92694K, committed 93760K, reserved 1130496K
  class space    used 12757K, committed 13184K, reserved 1048576K
}
Event: 55.809 GC heap before
{Heap before GC invocations=51 (full 0):
 garbage-first heap   total 294912K, used 214721K [0x00000000a0000000, 0x0000000100000000)
  region size 1024K, 74 young (75776K), 6 survivors (6144K)
 Metaspace       used 93419K, committed 94592K, reserved 1130496K
  class space    used 12872K, committed 13312K, reserved 1048576K
}
Event: 55.830 GC heap after
{Heap after GC invocations=52 (full 0):
 garbage-first heap   total 294912K, used 156672K [0x00000000a0000000, 0x0000000100000000)
  region size 1024K, 10 young (10240K), 10 survivors (10240K)
 Metaspace       used 93419K, committed 94592K, reserved 1130496K
  class space    used 12872K, committed 13312K, reserved 1048576K
}
Event: 61.192 GC heap before
{Heap before GC invocations=52 (full 0):
 garbage-first heap   total 294912K, used 222208K [0x00000000a0000000, 0x0000000100000000)
  region size 1024K, 73 young (74752K), 10 survivors (10240K)
 Metaspace       used 94084K, committed 95296K, reserved 1138688K
  class space    used 12972K, committed 13440K, reserved 1048576K
}
Event: 61.209 GC heap after
{Heap after GC invocations=53 (full 0):
 garbage-first heap   total 294912K, used 167894K [0x00000000a0000000, 0x0000000100000000)
  region size 1024K, 10 young (10240K), 10 survivors (10240K)
 Metaspace       used 94084K, committed 95296K, reserved 1138688K
  class space    used 12972K, committed 13440K, reserved 1048576K
}
Event: 66.009 GC heap before
{Heap before GC invocations=53 (full 0):
 garbage-first heap   total 294912K, used 229334K [0x00000000a0000000, 0x0000000100000000)
  region size 1024K, 68 young (69632K), 10 survivors (10240K)
 Metaspace       used 94805K, committed 96192K, reserved 1138688K
  class space    used 13081K, committed 13632K, reserved 1048576K
}
Event: 66.032 GC heap after
{Heap after GC invocations=54 (full 0):
 garbage-first heap   total 294912K, used 184776K [0x00000000a0000000, 0x0000000100000000)
  region size 1024K, 9 young (9216K), 9 survivors (9216K)
 Metaspace       used 94805K, committed 96192K, reserved 1138688K
  class space    used 13081K, committed 13632K, reserved 1048576K
}
Event: 67.963 GC heap before
{Heap before GC invocations=54 (full 0):
 garbage-first heap   total 294912K, used 232904K [0x00000000a0000000, 0x0000000100000000)
  region size 1024K, 56 young (57344K), 9 survivors (9216K)
 Metaspace       used 100589K, committed 101952K, reserved 1138688K
  class space    used 13912K, committed 14464K, reserved 1048576K
}
Event: 67.980 GC heap after
{Heap after GC invocations=55 (full 0):
 garbage-first heap   total 294912K, used 189518K [0x00000000a0000000, 0x0000000100000000)
  region size 1024K, 4 young (4096K), 4 survivors (4096K)
 Metaspace       used 100589K, committed 101952K, reserved 1138688K
  class space    used 13912K, committed 14464K, reserved 1048576K
}
Event: 69.799 GC heap before
{Heap before GC invocations=55 (full 0):
 garbage-first heap   total 294912K, used 237646K [0x00000000a0000000, 0x0000000100000000)
  region size 1024K, 51 young (52224K), 4 survivors (4096K)
 Metaspace       used 102339K, committed 103744K, reserved 1138688K
  class space    used 14130K, committed 14720K, reserved 1048576K
}
Event: 69.820 GC heap after
{Heap after GC invocations=56 (full 0):
 garbage-first heap   total 294912K, used 199887K [0x00000000a0000000, 0x0000000100000000)
  region size 1024K, 7 young (7168K), 7 survivors (7168K)
 Metaspace       used 102339K, committed 103744K, reserved 1138688K
  class space    used 14130K, committed 14720K, reserved 1048576K
}
Event: 71.150 GC heap before
{Heap before GC invocations=56 (full 0):
 garbage-first heap   total 294912K, used 239823K [0x00000000a0000000, 0x0000000100000000)
  region size 1024K, 46 young (47104K), 7 survivors (7168K)
 Metaspace       used 102657K, committed 104064K, reserved 1138688K
  class space    used 14154K, committed 14720K, reserved 1048576K
}
Event: 71.184 GC heap after
{Heap after GC invocations=57 (full 0):
 garbage-first heap   total 294912K, used 214523K [0x00000000a0000000, 0x0000000100000000)
  region size 1024K, 6 young (6144K), 6 survivors (6144K)
 Metaspace       used 102657K, committed 104064K, reserved 1138688K
  class space    used 14154K, committed 14720K, reserved 1048576K
}
Event: 71.955 GC heap before
{Heap before GC invocations=57 (full 0):
 garbage-first heap   total 294912K, used 242171K [0x00000000a0000000, 0x0000000100000000)
  region size 1024K, 33 young (33792K), 6 survivors (6144K)
 Metaspace       used 103152K, committed 104640K, reserved 1146880K
  class space    used 14218K, committed 14848K, reserved 1048576K
}
Event: 71.972 GC heap after
{Heap after GC invocations=58 (full 0):
 garbage-first heap   total 294912K, used 223555K [0x00000000a0000000, 0x0000000100000000)
  region size 1024K, 5 young (5120K), 5 survivors (5120K)
 Metaspace       used 103152K, committed 104640K, reserved 1146880K
  class space    used 14218K, committed 14848K, reserved 1048576K
}
Event: 72.529 GC heap before
{Heap before GC invocations=58 (full 0):
 garbage-first heap   total 294912K, used 245059K [0x00000000a0000000, 0x0000000100000000)
  region size 1024K, 27 young (27648K), 5 survivors (5120K)
 Metaspace       used 103608K, committed 105152K, reserved 1146880K
  class space    used 14299K, committed 14912K, reserved 1048576K
}
Event: 72.543 GC heap after
{Heap after GC invocations=59 (full 0):
 garbage-first heap   total 294912K, used 228098K [0x00000000a0000000, 0x0000000100000000)
  region size 1024K, 4 young (4096K), 4 survivors (4096K)
 Metaspace       used 103608K, committed 105152K, reserved 1146880K
  class space    used 14299K, committed 14912K, reserved 1048576K
}
Event: 73.050 GC heap before
{Heap before GC invocations=59 (full 0):
 garbage-first heap   total 294912K, used 249602K [0x00000000a0000000, 0x0000000100000000)
  region size 1024K, 25 young (25600K), 4 survivors (4096K)
 Metaspace       used 104196K, committed 105792K, reserved 1146880K
  class space    used 14387K, committed 15040K, reserved 1048576K
}
Event: 73.064 GC heap after
{Heap after GC invocations=60 (full 0):
 garbage-first heap   total 294912K, used 232365K [0x00000000a0000000, 0x0000000100000000)
  region size 1024K, 4 young (4096K), 4 survivors (4096K)
 Metaspace       used 104196K, committed 105792K, reserved 1146880K
  class space    used 14387K, committed 15040K, reserved 1048576K
}

